[Thu May 29 13:59:07 2008] [notice] Apache/2.2.6 (Win32) mod_autoindex_color PHP/5.2.4 configured -- resuming normal operations
[Thu May 29 13:59:07 2008] [notice] Server built: Sep 21 2007 00:29:38
[Thu May 29 13:59:07 2008] [notice] Parent: Created child process 5144
[Thu May 29 13:59:07 2008] [notice] Child 5144: Child process is running
[Thu May 29 13:59:07 2008] [notice] Child 5144: Acquired the start mutex.
[Thu May 29 13:59:07 2008] [notice] Child 5144: Starting 250 worker threads.
[Thu May 29 13:59:07 2008] [notice] Child 5144: Starting thread to listen on port 808.
[Thu May 29 13:59:35 2008] [notice] Parent: Received shutdown signal -- Shutting down the server.
[Thu May 29 13:59:35 2008] [notice] Child 5144: Exit event signaled. Child process is ending.
[Thu May 29 13:59:36 2008] [notice] Child 5144: Released the start mutex
[Thu May 29 13:59:37 2008] [notice] Child 5144: Waiting for 250 worker threads to exit.
[Thu May 29 13:59:37 2008] [notice] Child 5144: All worker threads have exited.
[Thu May 29 13:59:37 2008] [notice] Child 5144: Child process is exiting
[Thu May 29 13:59:37 2008] [notice] Parent: Child process exited successfully.
[Thu May 29 14:04:55 2008] [notice] Apache/2.2.6 (Win32) mod_autoindex_color PHP/5.2.4 configured -- resuming normal operations
[Thu May 29 14:04:55 2008] [notice] Server built: Sep 21 2007 00:29:38
[Thu May 29 14:04:55 2008] [notice] Parent: Created child process 5648
[Thu May 29 14:04:55 2008] [notice] Child 5648: Child process is running
[Thu May 29 14:04:55 2008] [notice] Child 5648: Acquired the start mutex.
[Thu May 29 14:04:55 2008] [notice] Child 5648: Starting 250 worker threads.
[Thu May 29 14:04:55 2008] [notice] Child 5648: Starting thread to listen on port 808.
[Thu May 29 14:05:40 2008] [notice] Parent: Received shutdown signal -- Shutting down the server.
[Thu May 29 14:05:40 2008] [notice] Child 5648: Exit event signaled. Child process is ending.
[Thu May 29 14:05:41 2008] [notice] Child 5648: Released the start mutex
[Thu May 29 14:05:42 2008] [notice] Child 5648: Waiting for 250 worker threads to exit.
[Thu May 29 14:05:42 2008] [notice] Child 5648: All worker threads have exited.
[Thu May 29 14:05:42 2008] [notice] Child 5648: Child process is exiting
[Thu May 29 14:05:42 2008] [notice] Parent: Child process exited successfully.
[Thu May 29 14:39:08 2008] [notice] Apache/2.2.6 (Win32) mod_autoindex_color PHP/5.2.4 configured -- resuming normal operations
[Thu May 29 14:39:08 2008] [notice] Server built: Sep 21 2007 00:29:38
[Thu May 29 14:39:08 2008] [notice] Parent: Created child process 5188
[Thu May 29 14:39:08 2008] [notice] Child 5188: Child process is running
[Thu May 29 14:39:08 2008] [notice] Child 5188: Acquired the start mutex.
[Thu May 29 14:39:08 2008] [notice] Child 5188: Starting 250 worker threads.
[Thu May 29 14:39:08 2008] [notice] Child 5188: Starting thread to listen on port 808.
[Thu May 29 14:39:56 2008] [notice] Parent: Received shutdown signal -- Shutting down the server.
[Thu May 29 14:39:56 2008] [notice] Child 5188: Exit event signaled. Child process is ending.
[Thu May 29 14:39:57 2008] [notice] Child 5188: Released the start mutex
[Thu May 29 14:39:58 2008] [notice] Child 5188: Waiting for 250 worker threads to exit.
[Thu May 29 14:39:58 2008] [notice] Child 5188: All worker threads have exited.
[Thu May 29 14:39:58 2008] [notice] Child 5188: Child process is exiting
[Thu May 29 14:39:58 2008] [notice] Parent: Child process exited successfully.
[Thu May 29 14:40:32 2008] [notice] Apache/2.2.6 (Win32) mod_autoindex_color PHP/5.2.4 configured -- resuming normal operations
[Thu May 29 14:40:32 2008] [notice] Server built: Sep 21 2007 00:29:38
[Thu May 29 14:40:32 2008] [notice] Parent: Created child process 4672
[Thu May 29 14:40:32 2008] [notice] Child 4672: Child process is running
[Thu May 29 14:40:32 2008] [notice] Child 4672: Acquired the start mutex.
[Thu May 29 14:40:32 2008] [notice] Child 4672: Starting 250 worker threads.
[Thu May 29 14:40:32 2008] [notice] Child 4672: Starting thread to listen on port 808.
[Thu May 29 14:43:12 2008] [notice] Parent: Received shutdown signal -- Shutting down the server.
[Thu May 29 14:43:12 2008] [notice] Child 4672: Exit event signaled. Child process is ending.
[Thu May 29 14:43:13 2008] [notice] Child 4672: Released the start mutex
[Thu May 29 14:43:14 2008] [notice] Child 4672: Waiting for 250 worker threads to exit.
[Thu May 29 14:43:14 2008] [notice] Child 4672: All worker threads have exited.
[Thu May 29 14:43:14 2008] [notice] Child 4672: Child process is exiting
[Thu May 29 14:43:14 2008] [notice] Parent: Child process exited successfully.
[Thu May 29 14:55:30 2008] [notice] Apache/2.2.6 (Win32) mod_autoindex_color PHP/5.2.4 configured -- resuming normal operations
[Thu May 29 14:55:30 2008] [notice] Server built: Sep 21 2007 00:29:38
[Thu May 29 14:55:30 2008] [notice] Parent: Created child process 5336
[Thu May 29 14:55:30 2008] [notice] Child 5336: Child process is running
[Thu May 29 14:55:30 2008] [notice] Child 5336: Acquired the start mutex.
[Thu May 29 14:55:30 2008] [notice] Child 5336: Starting 250 worker threads.
[Thu May 29 14:55:30 2008] [notice] Child 5336: Starting thread to listen on port 808.
[Thu May 29 15:11:25 2008] [notice] Parent: Received shutdown signal -- Shutting down the server.
[Thu May 29 15:11:25 2008] [notice] Child 5336: Exit event signaled. Child process is ending.
[Thu May 29 15:11:26 2008] [notice] Child 5336: Released the start mutex
[Thu May 29 15:11:27 2008] [notice] Child 5336: Waiting for 250 worker threads to exit.
[Thu May 29 15:11:27 2008] [notice] Child 5336: All worker threads have exited.
[Thu May 29 15:11:27 2008] [notice] Child 5336: Child process is exiting
[Thu May 29 15:11:27 2008] [notice] Parent: Child process exited successfully.
